<?xml version="1.0" encoding="UTF-8"?>
<!-- Generated by org.testng.reporters.JUnitXMLReporter -->
<testsuite ignored="1" hostname="DESKTOP-M4GRLMR" failures="0" tests="1" name="Default test" time="12.49" errors="0" timestamp="2023-12-14T18:47:51 EET">
  <testcase classname="myPackage.MyTestcases" name="myAppTesting" time="12.468"/>
  <testcase classname="myPackage.MyTestcases" name="testWebsiteOnMobileBrowser" time="0.0">
    <ignored/>
  </testcase> <!-- testWebsiteOnMobileBrowser -->
</testsuite> <!-- Default test -->
