<?xml version="1.0" encoding="UTF-8"?>
<testng-results ignored="1" total="2" passed="1" failed="0" skipped="0">
  <reporter-output>
  </reporter-output>
  <suite started-at="2023-12-14T18:47:39 EET" name="Default suite" finished-at="2023-12-14T18:47:51 EET" duration-ms="12490">
    <groups>
    </groups>
    <test started-at="2023-12-14T18:47:39 EET" name="Default test" finished-at="2023-12-14T18:47:51 EET" duration-ms="12490">
      <class name="myPackage.MyTestcases">
        <test-method is-config="true" signature="myBeofreTesting()[pri:0, instance:myPackage.MyTestcases@158d2680]" started-at="2023-12-14T18:47:39 EET" name="myBeofreTesting" finished-at="2023-12-14T18:47:39 EET" duration-ms="5" status="PASS">
          <reporter-output>
          </reporter-output>
        </test-method> <!-- myBeofreTesting -->
        <test-method signature="myAppTesting()[pri:0, instance:myPackage.MyTestcases@158d2680]" started-at="2023-12-14T18:47:39 EET" name="myAppTesting" finished-at="2023-12-14T18:47:51 EET" duration-ms="12468" status="PASS">
          <reporter-output>
          </reporter-output>
        </test-method> <!-- myAppTesting -->
        <test-method is-config="true" signature="myPostTesting()[pri:0, instance:myPackage.MyTestcases@158d2680]" started-at="2023-12-14T18:47:51 EET" name="myPostTesting" finished-at="2023-12-14T18:47:51 EET" duration-ms="1" status="PASS">
          <reporter-output>
          </reporter-output>
        </test-method> <!-- myPostTesting -->
      </class> <!-- myPackage.MyTestcases -->
    </test> <!-- Default test -->
  </suite> <!-- Default suite -->
</testng-results>
